# JRE version: OpenJDK Runtime Environment (7.0_91-b02) (build 1.7.0_91-b02)
# Java VM: OpenJDK 64-Bit Server VM (24.91-b01 mixed mode linux-amd64 compressed oops)
Heap
 PSYoungGen      total 208384K, used 6897K [0x00000000ebe00000, 0x00000000f9c00000, 0x0000000100000000)
  eden space 189440K, 0% used [0x00000000ebe00000,0x00000000ebe00000,0x00000000f7700000)
  from space 18944K, 36% used [0x00000000f7700000,0x00000000f7dbc4f8,0x00000000f8980000)
  to   space 18432K, 0% used [0x00000000f8a00000,0x00000000f8a00000,0x00000000f9c00000)
 ParOldGen       total 40960K, used 34913K [0x00000000c3a00000, 0x00000000c6200000, 0x00000000ebe00000)
  object space 40960K, 85% used [0x00000000c3a00000,0x00000000c5c18548,0x00000000c6200000)
 PSPermGen       total 31232K, used 31117K [0x00000000b9400000, 0x00000000bb280000, 0x00000000c3a00000)
  object space 31232K, 99% used [0x00000000b9400000,0x00000000bb2635c0,0x00000000bb280000)
GC Heap History (10 events):
Event: 6,268 GC heap after
Heap after GC invocations=6 (full 0):
 PSYoungGen      total 67584K, used 6137K [0x00000000ebe00000, 0x00000000f0c00000, 0x0000000100000000)
  eden space 61440K, 0% used [0x00000000ebe00000,0x00000000ebe00000,0x00000000efa00000)
  from space 6144K, 99% used [0x00000000f0200000,0x00000000f07fe5a0,0x00000000f0800000)
  to   space 8192K, 0% used [0x00000000efa00000,0x00000000efa00000,0x00000000f0200000)
 ParOldGen       total 40960K, used 6476K [0x00000000c3a00000, 0x00000000c6200000, 0x00000000ebe00000)
  object space 40960K, 15% used [0x00000000c3a00000,0x00000000c40531b0,0x00000000c6200000)
 PSPermGen       total 21504K, used 18708K [0x00000000b9400000, 0x00000000ba900000, 0x00000000c3a00000)
  object space 21504K, 86% used [0x00000000b9400000,0x00000000ba6451b0,0x00000000ba900000)
}
Event: 8,664 GC heap before
{Heap before GC invocations=7 (full 0):
 PSYoungGen      total 67584K, used 67577K [0x00000000ebe00000, 0x00000000f0c00000, 0x0000000100000000)
  eden space 61440K, 100% used [0x00000000ebe00000,0x00000000efa00000,0x00000000efa00000)
  from space 6144K, 99% used [0x00000000f0200000,0x00000000f07fe5a0,0x00000000f0800000)
  to   space 8192K, 0% used [0x00000000efa00000,0x00000000efa00000,0x00000000f0200000)
 ParOldGen       total 40960K, used 6476K [0x00000000c3a00000, 0x00000000c6200000, 0x00000000ebe00000)
  object space 40960K, 15% used [0x00000000c3a00000,0x00000000c40531b0,0x00000000c6200000)
 PSPermGen       total 23552K, used 23252K [0x00000000b9400000, 0x00000000bab00000, 0x00000000c3a00000)
  object space 23552K, 98% used [0x00000000b9400000,0x00000000baab5138,0x00000000bab00000)
Event: 8,717 GC heap after
Heap after GC invocations=7 (full 0):
 PSYoungGen      total 69632K, used 8182K [0x00000000ebe00000, 0x00000000f5000000, 0x0000000100000000)
  eden space 61440K, 0% used [0x00000000ebe00000,0x00000000ebe00000,0x00000000efa00000)
  from space 8192K, 99% used [0x00000000efa00000,0x00000000f01fdb38,0x00000000f0200000)
  to   space 13312K, 0% used [0x00000000f4300000,0x00000000f4300000,0x00000000f5000000)
 ParOldGen       total 40960K, used 14410K [0x00000000c3a00000, 0x00000000c6200000, 0x00000000ebe00000)
  object space 40960K, 35% used [0x00000000c3a00000,0x00000000c4812a90,0x00000000c6200000)
 PSPermGen       total 23552K, used 23252K [0x00000000b9400000, 0x00000000bab00000, 0x00000000c3a00000)
  object space 23552K, 98% used [0x00000000b9400000,0x00000000baab5138,0x00000000bab00000)
}
Event: 11,496 GC heap before
{Heap before GC invocations=8 (full 0):
 PSYoungGen      total 69632K, used 69622K [0x00000000ebe00000, 0x00000000f5000000, 0x0000000100000000)
  eden space 61440K, 100% used [0x00000000ebe00000,0x00000000efa00000,0x00000000efa00000)
  from space 8192K, 99% used [0x00000000efa00000,0x00000000f01fdb38,0x00000000f0200000)
  to   space 13312K, 0% used [0x00000000f4300000,0x00000000f4300000,0x00000000f5000000)
 ParOldGen       total 40960K, used 14410K [0x00000000c3a00000, 0x00000000c6200000, 0x00000000ebe00000)
  object space 40960K, 35% used [0x00000000c3a00000,0x00000000c4812a90,0x00000000c6200000)
 PSPermGen       total 28160K, used 27651K [0x00000000b9400000, 0x00000000baf80000, 0x00000000c3a00000)
  object space 28160K, 98% used [0x00000000b9400000,0x00000000baf00df8,0x00000000baf80000)
Event: 11,540 GC heap after
Heap after GC invocations=8 (full 0):
 PSYoungGen      total 131584K, used 13307K [0x00000000ebe00000, 0x00000000f5900000, 0x0000000100000000)
  eden space 118272K, 0% used [0x00000000ebe00000,0x00000000ebe00000,0x00000000f3180000)
  from space 13312K, 99% used [0x00000000f4300000,0x00000000f4ffed18,0x00000000f5000000)
  to   space 17920K, 0% used [0x00000000f3180000,0x00000000f3180000,0x00000000f4300000)
 ParOldGen       total 40960K, used 18871K [0x00000000c3a00000, 0x00000000c6200000, 0x00000000ebe00000)
  object space 40960K, 46% used [0x00000000c3a00000,0x00000000c4c6de38,0x00000000c6200000)
 PSPermGen       total 28160K, used 27651K [0x00000000b9400000, 0x00000000baf80000, 0x00000000c3a00000)
  object space 28160K, 98% used [0x00000000b9400000,0x00000000baf00df8,0x00000000baf80000)
}
Event: 20,030 GC heap before
{Heap before GC invocations=9 (full 0):
 PSYoungGen      total 131584K, used 131579K [0x00000000ebe00000, 0x00000000f5900000, 0x0000000100000000)
  eden space 118272K, 100% used [0x00000000ebe00000,0x00000000f3180000,0x00000000f3180000)
  from space 13312K, 99% used [0x00000000f4300000,0x00000000f4ffed18,0x00000000f5000000)
  to   space 17920K, 0% used [0x00000000f3180000,0x00000000f3180000,0x00000000f4300000)
 ParOldGen       total 40960K, used 18871K [0x00000000c3a00000, 0x00000000c6200000, 0x00000000ebe00000)
  object space 40960K, 46% used [0x00000000c3a00000,0x00000000c4c6de38,0x00000000c6200000)
 PSPermGen       total 30720K, used 30218K [0x00000000b9400000, 0x00000000bb200000, 0x00000000c3a00000)
  object space 30720K, 98% used [0x00000000b9400000,0x00000000bb1829d8,0x00000000bb200000)
Event: 20,065 GC heap after
Heap after GC invocations=9 (full 0):
 PSYoungGen      total 136192K, used 14412K [0x00000000ebe00000, 0x00000000f9d00000, 0x0000000100000000)
  eden space 118272K, 0% used [0x00000000ebe00000,0x00000000ebe00000,0x00000000f3180000)
  from space 17920K, 80% used [0x00000000f3180000,0x00000000f3f93050,0x00000000f4300000)
  to   space 19456K, 0% used [0x00000000f8a00000,0x00000000f8a00000,0x00000000f9d00000)
 ParOldGen       total 40960K, used 22850K [0x00000000c3a00000, 0x00000000c6200000, 0x00000000ebe00000)
  object space 40960K, 55% used [0x00000000c3a00000,0x00000000c5050ac8,0x00000000c6200000)
 PSPermGen       total 30720K, used 30218K [0x00000000b9400000, 0x00000000bb200000, 0x00000000c3a00000)
  object space 30720K, 98% used [0x00000000b9400000,0x00000000bb1829d8,0x00000000bb200000)
}
Event: 21,621 GC heap before
{Heap before GC invocations=10 (full 0):
 PSYoungGen      total 136192K, used 132684K [0x00000000ebe00000, 0x00000000f9d00000, 0x0000000100000000)
  eden space 118272K, 100% used [0x00000000ebe00000,0x00000000f3180000,0x00000000f3180000)
  from space 17920K, 80% used [0x00000000f3180000,0x00000000f3f93050,0x00000000f4300000)
  to   space 19456K, 0% used [0x00000000f8a00000,0x00000000f8a00000,0x00000000f9d00000)
 ParOldGen       total 40960K, used 22850K [0x00000000c3a00000, 0x00000000c6200000, 0x00000000ebe00000)
  object space 40960K, 55% used [0x00000000c3a00000,0x00000000c5050ac8,0x00000000c6200000)
 PSPermGen       total 31232K, used 31030K [0x00000000b9400000, 0x00000000bb280000, 0x00000000c3a00000)
  object space 31232K, 99% used [0x00000000b9400000,0x00000000bb24d800,0x00000000bb280000)
Event: 21,644 GC heap after
Heap after GC invocations=10 (full 0):
 PSYoungGen      total 207872K, used 4549K [0x00000000ebe00000, 0x00000000f9c00000, 0x0000000100000000)
  eden space 189440K, 0% used [0x00000000ebe00000,0x00000000ebe00000,0x00000000f7700000)
  from space 18432K, 24% used [0x00000000f8a00000,0x00000000f8e714a8,0x00000000f9c00000)
  to   space 18944K, 0% used [0x00000000f7700000,0x00000000f7700000,0x00000000f8980000)
 ParOldGen       total 40960K, used 31929K [0x00000000c3a00000, 0x00000000c6200000, 0x00000000ebe00000)
  object space 40960K, 77% used [0x00000000c3a00000,0x00000000c592e548,0x00000000c6200000)
 PSPermGen       total 31232K, used 31030K [0x00000000b9400000, 0x00000000bb280000, 0x00000000c3a00000)
  object space 31232K, 99% used [0x00000000b9400000,0x00000000bb24d800,0x00000000bb280000)
}
Event: 22,632 GC heap before
{Heap before GC invocations=11 (full 0):
 PSYoungGen      total 207872K, used 193989K [0x00000000ebe00000, 0x00000000f9c00000, 0x0000000100000000)
  eden space 189440K, 100% used [0x00000000ebe00000,0x00000000f7700000,0x00000000f7700000)
  from space 18432K, 24% used [0x00000000f8a00000,0x00000000f8e714a8,0x00000000f9c00000)
  to   space 18944K, 0% used [0x00000000f7700000,0x00000000f7700000,0x00000000f8980000)
 ParOldGen       total 40960K, used 31929K [0x00000000c3a00000, 0x00000000c6200000, 0x00000000ebe00000)
  object space 40960K, 77% used [0x00000000c3a00000,0x00000000c592e548,0x00000000c6200000)
 PSPermGen       total 31232K, used 31117K [0x00000000b9400000, 0x00000000bb280000, 0x00000000c3a00000)
  object space 31232K, 99% used [0x00000000b9400000,0x00000000bb2635c0,0x00000000bb280000)

